<?xml version="1.0" encoding="UTF-8"?>
<testsuite name="com.project.project00.Project00ApplicationTests" tests="1" skipped="0" failures="0" errors="0" timestamp="2023-11-04T11:43:48" hostname="DESKTOP-N2QJNU6" time="0.131">
  <properties/>
  <testcase name="contextLoads()" classname="com.project.project00.Project00ApplicationTests" time="0.131"/>
  <system-out><![CDATA[20:43:38.265 [Test worker] DEBUG org.springframework.test.context.BootstrapUtils - Instantiating CacheAwareContextLoaderDelegate from class [org.springframework.test.context.cache.DefaultCacheAwareContextLoaderDelegate]
20:43:38.292 [Test worker] DEBUG org.springframework.test.context.BootstrapUtils - Instantiating BootstrapContext using constructor [public org.springframework.test.context.support.DefaultBootstrapContext(java.lang.Class,org.springframework.test.context.CacheAwareContextLoaderDelegate)]
20:43:38.371 [Test worker] DEBUG org.springframework.test.context.BootstrapUtils - Instantiating TestContextBootstrapper for test class [com.project.project00.Project00ApplicationTests] from class [org.springframework.boot.test.context.SpringBootTestContextBootstrapper]
20:43:38.403 [Test worker] INFO org.springframework.boot.test.context.SpringBootTestContextBootstrapper - Neither @ContextConfiguration nor @ContextHierarchy found for test class [com.project.project00.Project00ApplicationTests], using SpringBootContextLoader
20:43:38.403 [Test worker] DEBUG org.springframework.test.context.support.AbstractContextLoader - Did not detect default resource location for test class [com.project.project00.Project00ApplicationTests]: class path resource [com/project/project00/Project00ApplicationTests-context.xml] does not exist
20:43:38.419 [Test worker] DEBUG org.springframework.test.context.support.AbstractContextLoader - Did not detect default resource location for test class [com.project.project00.Project00ApplicationTests]: class path resource [com/project/project00/Project00ApplicationTestsContext.groovy] does not exist
20:43:38.419 [Test worker] INFO org.springframework.test.context.support.AbstractContextLoader - Could not detect default resource locations for test class [com.project.project00.Project00ApplicationTests]: no resource found for suffixes {-context.xml, Context.groovy}.
20:43:38.419 [Test worker] INFO org.springframework.test.context.support.AnnotationConfigContextLoaderUtils - Could not detect default configuration classes for test class [com.project.project00.Project00ApplicationTests]: Project00ApplicationTests does not declare any static, non-private, non-final, nested classes annotated with @Configuration.
20:43:38.497 [Test worker] DEBUG org.springframework.test.context.support.ActiveProfilesUtils - Could not find an 'annotation declaring class' for annotation type [org.springframework.test.context.ActiveProfiles] and class [com.project.project00.Project00ApplicationTests]
20:43:38.624 [Test worker] DEBUG org.springframework.context.annotation.ClassPathScanningCandidateComponentProvider - Identified candidate component class: file [C:\Users\ks\OneDrive\문서\카카오톡 받은 파일\4일 5시최종\project00-main\project00-main\project00_test\build\classes\java\main\com\project\project00\Project00Application.class]
20:43:38.624 [Test worker] INFO org.springframework.boot.test.context.SpringBootTestContextBootstrapper - Found @SpringBootConfiguration com.project.project00.Project00Application for test class com.project.project00.Project00ApplicationTests
20:43:38.828 [Test worker] DEBUG org.springframework.boot.test.context.SpringBootTestContextBootstrapper - @TestExecutionListeners is not present for class [com.project.project00.Project00ApplicationTests]: using defaults.
20:43:38.828 [Test worker] INFO org.springframework.boot.test.context.SpringBootTestContextBootstrapper - Loaded default TestExecutionListener class names from location [META-INF/spring.factories]: [org.springframework.boot.test.autoconfigure.restdocs.RestDocsTestExecutionListener, org.springframework.boot.test.autoconfigure.web.client.MockRestServiceServerResetTestExecutionListener, org.springframework.boot.test.autoconfigure.web.servlet.MockMvcPrintOnlyOnFailureTestExecutionListener, org.springframework.boot.test.autoconfigure.web.servlet.WebDriverTestExecutionListener, org.springframework.boot.test.autoconfigure.webservices.client.MockWebServiceServerTestExecutionListener, org.springframework.boot.test.mock.mockito.MockitoTestExecutionListener, org.springframework.boot.test.mock.mockito.ResetMocksTestExecutionListener, org.springframework.test.context.web.ServletTestExecutionListener, org.springframework.test.context.support.DirtiesContextBeforeModesTestExecutionListener, org.springframework.test.context.event.ApplicationEventsTestExecutionListener, org.springframework.test.context.support.DependencyInjectionTestExecutionListener, org.springframework.test.context.support.DirtiesContextTestExecutionListener, org.springframework.test.context.transaction.TransactionalTestExecutionListener, org.springframework.test.context.jdbc.SqlScriptsTestExecutionListener, org.springframework.test.context.event.EventPublishingTestExecutionListener]
20:43:38.876 [Test worker] INFO org.springframework.boot.test.context.SpringBootTestContextBootstrapper - Using TestExecutionListeners: [org.springframework.test.context.web.ServletTestExecutionListener@4331d187, org.springframework.test.context.support.DirtiesContextBeforeModesTestExecutionListener@6f63b475, org.springframework.test.context.event.ApplicationEventsTestExecutionListener@554e218, org.springframework.boot.test.mock.mockito.MockitoTestExecutionListener@1608bcbd, org.springframework.boot.test.autoconfigure.SpringBootDependencyInjectionTestExecutionListener@5bf8fa12, org.springframework.test.context.support.DirtiesContextTestExecutionListener@29ca3d04, org.springframework.test.context.transaction.TransactionalTestExecutionListener@b2c5e07, org.springframework.test.context.jdbc.SqlScriptsTestExecutionListener@5812f68b, org.springframework.test.context.event.EventPublishingTestExecutionListener@4426bff1, org.springframework.boot.test.autoconfigure.restdocs.RestDocsTestExecutionListener@3c7c886c, org.springframework.boot.test.autoconfigure.web.client.MockRestServiceServerResetTestExecutionListener@55493582, org.springframework.boot.test.autoconfigure.web.servlet.MockMvcPrintOnlyOnFailureTestExecutionListener@1a20270e, org.springframework.boot.test.autoconfigure.web.servlet.WebDriverTestExecutionListener@6b88ca8c, org.springframework.boot.test.autoconfigure.webservices.client.MockWebServiceServerTestExecutionListener@336f1079, org.springframework.boot.test.mock.mockito.ResetMocksTestExecutionListener@2f16c6b3]
20:43:38.876 [Test worker] DEBUG org.springframework.test.context.support.AbstractDirtiesContextTestExecutionListener - Before test class: context [DefaultTestContext@72437d8d testClass = Project00ApplicationTests, testInstance = [null], testMethod = [null], testException = [null], mergedContextConfiguration = [WebMergedContextConfiguration@1b955cac testClass = Project00ApplicationTests, locations = '{}', classes = '{class com.project.project00.Project00Application}', contextInitializerClasses = '[]', activeProfiles = '{}', propertySourceLocations = '{}', propertySourceProperties = '{org.springframework.boot.test.context.SpringBootTestContextBootstrapper=true}', contextCustomizers = set[org.springframework.boot.test.autoconfigure.actuate.metrics.MetricsExportContextCustomizerFactory$DisableMetricExportContextCustomizer@303cf2ba, org.springframework.boot.test.autoconfigure.properties.PropertyMappingContextCustomizer@0, org.springframework.boot.test.autoconfigure.web.servlet.WebDriverContextCustomizerFactory$Customizer@25be7b63, org.springframework.boot.test.context.filter.ExcludeFilterContextCustomizer@4a8355dd, org.springframework.boot.test.json.DuplicateJsonObjectContextCustomizerFactory$DuplicateJsonObjectContextCustomizer@72bc6553, org.springframework.boot.test.mock.mockito.MockitoContextCustomizer@0, org.springframework.boot.test.web.client.TestRestTemplateContextCustomizer@2a8448fa, org.springframework.boot.test.context.SpringBootTestArgs@1, org.springframework.boot.test.context.SpringBootTestWebEnvironment@5c909414], resourceBasePath = 'src/main/webapp', contextLoader = 'org.springframework.boot.test.context.SpringBootContextLoader', parent = [null]], attributes = map['org.springframework.test.context.web.ServletTestExecutionListener.activateListener' -> true]], class annotated with @DirtiesContext [false] with mode [null].

  .   ____          _            __ _ _
 /\\ / ___'_ __ _ _(_)_ __  __ _ \ \ \ \
( ( )\___ | '_ | '_| | '_ \/ _` | \ \ \ \
 \\/  ___)| |_)| | | | | || (_| |  ) ) ) )
  '  |____| .__|_| |_|_| |_\__, | / / / /
 =========|_|==============|___/=/_/_/_/
 :: Spring Boot ::                (v2.7.7)

2023-11-04 20:43:39.490  INFO 3172 --- [    Test worker] c.p.project00.Project00ApplicationTests  : Starting Project00ApplicationTests using Java 1.8.0_291 on DESKTOP-N2QJNU6 with PID 3172 (started by ks in C:\Users\ks\OneDrive\문서\카카오톡 받은 파일\4일 5시최종\project00-main\project00-main\project00_test)
2023-11-04 20:43:39.490  INFO 3172 --- [    Test worker] c.p.project00.Project00ApplicationTests  : No active profile set, falling back to 1 default profile: "default"
2023-11-04 20:43:40.788  INFO 3172 --- [    Test worker] .s.d.r.c.RepositoryConfigurationDelegate : Bootstrapping Spring Data JPA repositories in DEFAULT mode.
2023-11-04 20:43:41.043  INFO 3172 --- [    Test worker] .s.d.r.c.RepositoryConfigurationDelegate : Finished Spring Data repository scanning in 239 ms. Found 10 JPA repository interfaces.
2023-11-04 20:43:42.202  INFO 3172 --- [    Test worker] com.zaxxer.hikari.HikariDataSource       : HikariPool-1 - Starting...
2023-11-04 20:43:42.440  INFO 3172 --- [    Test worker] com.zaxxer.hikari.HikariDataSource       : HikariPool-1 - Start completed.
2023-11-04 20:43:42.549  INFO 3172 --- [    Test worker] o.hibernate.jpa.internal.util.LogHelper  : HHH000204: Processing PersistenceUnitInfo [name: default]
2023-11-04 20:43:42.691  INFO 3172 --- [    Test worker] org.hibernate.Version                    : HHH000412: Hibernate ORM core version 5.6.14.Final
2023-11-04 20:43:43.006  INFO 3172 --- [    Test worker] o.hibernate.annotations.common.Version   : HCANN000001: Hibernate Commons Annotations {5.1.2.Final}
2023-11-04 20:43:43.274  INFO 3172 --- [    Test worker] org.hibernate.dialect.Dialect            : HHH000400: Using dialect: org.hibernate.dialect.MariaDB53Dialect
2023-11-04 20:43:44.600  INFO 3172 --- [    Test worker] o.h.e.t.j.p.i.JtaPlatformInitiator       : HHH000490: Using JtaPlatform implementation: [org.hibernate.engine.transaction.jta.platform.internal.NoJtaPlatform]
2023-11-04 20:43:44.615  INFO 3172 --- [    Test worker] j.LocalContainerEntityManagerFactoryBean : Initialized JPA EntityManagerFactory for persistence unit 'default'
2023-11-04 20:43:46.979  WARN 3172 --- [    Test worker] JpaBaseConfiguration$JpaWebConfiguration : spring.jpa.open-in-view is enabled by default. Therefore, database queries may be performed during view rendering. Explicitly configure spring.jpa.open-in-view to disable this warning
2023-11-04 20:43:48.018  INFO 3172 --- [    Test worker] o.s.b.a.w.s.WelcomePageHandlerMapping    : Adding welcome page template: index
2023-11-04 20:43:48.883  INFO 3172 --- [    Test worker] c.p.project00.Project00ApplicationTests  : Started Project00ApplicationTests in 9.949 seconds (JVM running for 12.399)
]]></system-out>
  <system-err><![CDATA[]]></system-err>
</testsuite>
